n = 573
pD = 0.3000
mean-nearest-neighbour 0.525218E-01
mean-nearest-center-to-center 0.105252E+01
nearest-neighbours:
 0.222154E-01
 0.383792E-01
 0.943784E-02
 0.698224E-02
 0.781098E-01
 0.381236E-01
 0.107833E+00
 0.374398E-01
 0.562921E-01
 0.368499E-01
 0.101045E+00
 0.650937E-01
 0.489270E-01
 0.110444E+00
 0.154708E+00
 0.925210E-01
 0.136597E-01
 0.374398E-01
 0.778496E-02
 0.209504E-01
 0.548222E-01
 0.280618E-01
 0.884678E-03
 0.329333E-01
 0.617262E-01
 0.168052E-01
 0.337881E-01
 0.312610E-03
 0.176824E+00
 0.918359E-01
 0.140074E-01
 0.425791E-01
 0.193991E+00
 0.207793E-02
 0.282449E-01
 0.521931E-01
 0.992862E-02
 0.790511E-01
 0.193737E-01
 0.134597E+00
 0.522931E-01
 0.374027E-01
 0.693023E-02
 0.105632E-01
 0.638873E-02
 0.143292E-01
 0.441632E-01
 0.236026E-02
 0.547031E-01
 0.107833E+00
 0.321316E-01
 0.194471E-01
 0.503854E-03
 0.548222E-01
 0.993736E-01
 0.914854E-01
 0.941165E-01
 0.412415E-01
 0.744050E-01
 0.609112E-01
 0.172010E-01
 0.138449E+00
 0.549263E-01
 0.773182E-02
 0.480234E-01
 0.555847E-01
 0.591274E-02
 0.171247E-01
 0.131874E+00
 0.794439E-01
 0.130804E-01
 0.203512E-01
 0.137892E+00
 0.720293E-01
 0.337881E-01
 0.760612E-01
 0.435656E-02
 0.233106E+00
 0.435654E-01
 0.190546E+00
 0.663490E-01
 0.798969E-02
 0.467372E-02
 0.107383E+00
 0.238491E-01
 0.374027E-01
 0.983595E-02
 0.109188E+00
 0.943784E-02
 0.107998E+00
 0.668905E-01
 0.198781E-02
 0.169699E-01
 0.755954E-01
 0.660462E-01
 0.303196E-01
 0.785981E-01
 0.355936E-01
 0.219653E-01
 0.174860E+00
 0.809832E-01
 0.125193E+00
 0.464524E-01
 0.321316E-01
 0.390774E-01
 0.106027E-01
 0.170242E-02
 0.130639E+00
 0.226723E-03
 0.397887E-01
 0.720293E-01
 0.293268E-01
 0.217605E+00
 0.359322E-02
 0.797740E-02
 0.100204E-01
 0.362299E-01
 0.137202E+00
 0.225226E+00
 0.960013E-01
 0.279825E-01
 0.342920E-01
 0.293548E-01
 0.621911E-02
 0.134597E+00
 0.195309E-01
 0.136040E+00
 0.116823E-02
 0.303478E-01
 0.802579E-01
 0.357289E-01
 0.156788E+00
 0.165241E-01
 0.162921E+00
 0.180776E-01
 0.124119E-01
 0.413779E-01
 0.484328E-01
 0.364373E-01
 0.254633E-01
 0.105214E+00
 0.193865E-01
 0.171247E-01
 0.422936E-03
 0.170770E-01
 0.366461E-01
 0.506613E-01
 0.369159E-01
 0.604974E-01
 0.316537E-01
 0.148944E+00
 0.770819E-01
 0.372361E-01
 0.283301E-01
 0.328301E-02
 0.425736E-01
 0.650492E-01
 0.114784E-01
 0.675951E-01
 0.709405E-01
 0.403829E-01
 0.631159E-02
 0.362814E-02
 0.211830E-01
 0.201853E+00
 0.177431E-01
 0.159495E-02
 0.143159E-01
 0.148136E-01
 0.143017E-01
 0.123488E+00
 0.459844E-01
 0.599145E-01
 0.723015E-01
 0.983595E-02
 0.122314E+00
 0.100204E-01
 0.790511E-01
 0.911248E-02
 0.626778E-02
 0.485660E-02
 0.631159E-02
 0.693023E-02
 0.547031E-01
 0.691461E-01
 0.213772E-01
 0.436992E-01
 0.470415E-01
 0.484184E-01
 0.105787E+00
 0.973646E-01
 0.132178E+00
 0.287780E-01
 0.209082E-01
 0.207176E-01
 0.234892E-01
 0.384928E-01
 0.536557E-01
 0.108734E+00
 0.142153E+00
 0.923763E-01
 0.129049E+00
 0.854363E-03
 0.667814E-01
 0.760612E-01
 0.144559E-02
 0.147972E+00
 0.238491E-01
 0.805963E-01
 0.329333E-01
 0.553039E-02
 0.710447E-01
 0.173161E+00
 0.351181E-01
 0.130804E-01
 0.358027E-01
 0.107657E-01
 0.215386E+00
 0.207793E-02
 0.314839E-01
 0.359322E-02
 0.367415E-01
 0.435656E-02
 0.531129E-01
 0.430404E-01
 0.662942E-01
 0.333572E-01
 0.386136E-01
 0.690447E-01
 0.137024E+00
 0.133630E+00
 0.752006E-01
 0.140629E-02
 0.236131E-01
 0.858775E-01
 0.605217E-01
 0.366461E-01
 0.424901E-01
 0.166064E-02
 0.134618E+00
 0.193737E-01
 0.881832E-01
 0.809832E-01
 0.759904E-02
 0.223524E-02
 0.681872E-01
 0.111208E+00
 0.591274E-02
 0.262463E-01
 0.803183E-01
 0.528210E-01
 0.205449E+00
 0.679412E-01
 0.547562E-01
 0.101989E+00
 0.103515E+00
 0.644069E-01
 0.355936E-01
 0.803192E-01
 0.834275E-01
 0.724877E-02
 0.281167E-01
 0.214145E+00
 0.616689E-01
 0.422936E-03
 0.356865E-01
 0.177431E-01
 0.918934E-01
 0.193865E-01
 0.893681E-01
 0.566044E-01
 0.170770E-01
 0.392467E-02
 0.209082E-01
 0.312610E-03
 0.997510E-03
 0.243500E-01
 0.122646E+00
 0.475581E-01
 0.548771E-02
 0.109670E+00
 0.940075E-01
 0.114496E+00
 0.101715E+00
 0.581229E-01
 0.992862E-02
 0.399562E-01
 0.537138E-01
 0.889378E-02
 0.219653E-01
 0.522931E-01
 0.527232E-01
 0.937932E-01
 0.145561E+00
 0.249894E-02
 0.427117E-01
 0.527269E-01
 0.123400E-02
 0.106027E-01
 0.685268E-01
 0.629701E-01
 0.304042E-02
 0.195229E+00
 0.102501E+00
 0.170242E-02
 0.467867E-01
 0.171016E+00
 0.152304E-01
 0.198531E-02
 0.803192E-01
 0.391054E-01
 0.638873E-02
 0.399562E-01
 0.759904E-02
 0.438457E-01
 0.133153E+00
 0.248706E-01
 0.867279E-01
 0.181449E+00
 0.571073E-01
 0.503165E-02
 0.328301E-02
 0.353037E-01
 0.213772E-01
 0.873520E-01
 0.328134E-01
 0.427178E-01
 0.109160E+00
 0.315430E-01
 0.262463E-01
 0.109519E+00
 0.110029E+00
 0.926051E-01
 0.817279E-02
 0.335416E-01
 0.714562E-01
 0.223213E+00
 0.779135E-01
 0.400270E-02
 0.203512E-01
 0.747001E-01
 0.942284E-01
 0.119919E+00
 0.152304E-01
 0.143924E-01
 0.341204E-01
 0.770819E-01
 0.103610E+00
 0.480234E-01
 0.281167E-01
 0.343932E-01
 0.931556E-01
 0.874528E-01
 0.110612E+00
 0.690447E-01
 0.276321E-01
 0.117080E-01
 0.962889E-01
 0.123400E-02
 0.168052E-01
 0.342920E-01
 0.112909E-01
 0.152319E-01
 0.773182E-02
 0.605217E-01
 0.154988E+00
 0.953049E-01
 0.452190E-01
 0.383731E-01
 0.109980E+00
 0.953049E-01
 0.484184E-01
 0.226723E-03
 0.211553E-02
 0.671893E-01
 0.104939E+00
 0.103954E+00
 0.136412E+00
 0.969506E-01
 0.107965E+00
 0.341204E-01
 0.362814E-02
 0.651250E-01
 0.314839E-01
 0.153727E-02
 0.188969E+00
 0.222154E-01
 0.520830E-01
 0.281888E-01
 0.109499E+00
 0.503854E-03
 0.626976E-01
 0.160774E+00
 0.837330E-01
 0.534380E-01
 0.970012E-02
 0.503165E-02
 0.681480E-01
 0.462273E-01
 0.521839E-01
 0.146066E+00
 0.143890E+00
 0.724877E-02
 0.498074E-01
 0.263890E-01
 0.884678E-03
 0.957679E-01
 0.198781E-02
 0.209504E-01
 0.249894E-02
 0.459337E-01
 0.220226E+00
 0.547676E-01
 0.169699E-01
 0.600661E-01
 0.271827E-01
 0.387575E-01
 0.303196E-01
 0.367415E-01
 0.353037E-01
 0.173801E-01
 0.248706E-01
 0.718227E-01
 0.798969E-02
 0.182703E+00
 0.546597E-01
 0.402202E-01
 0.165241E-01
 0.148136E-01
 0.438457E-01
 0.293268E-01
 0.148241E+00
 0.442579E-01
 0.341046E-01
 0.404138E-01
 0.198531E-02
 0.547562E-01
 0.503581E-01
 0.474884E-01
 0.468403E-01
 0.605130E-01
 0.143017E-01
 0.101146E+00
 0.169259E+00
 0.101389E+00
 0.351172E-01
 0.937932E-01
 0.138674E+00
 0.846745E-01
 0.475581E-01
 0.159495E-02
 0.297433E-01
 0.820106E-02
 0.303478E-01
 0.911248E-02
 0.211553E-02
 0.709405E-01
 0.442579E-01
 0.668905E-01
 0.506613E-01
 0.718227E-01
 0.441632E-01
 0.609112E-01
 0.765227E-01
 0.138747E+00
 0.425736E-01
 0.698224E-02
 0.434029E-01
 0.254273E-01
 0.476559E-02
 0.141696E+00
 0.490680E-01
 0.857088E-01
 0.125603E+00
 0.170831E-01
 0.189434E-01
 0.189434E-01
 0.621911E-02
 0.124119E-01
 0.425791E-01
 0.316537E-01
 0.348072E-01
 0.234892E-01
 0.392467E-02
 0.362299E-01
 0.364373E-01
 0.390774E-01
 0.399054E-01
 0.114539E+00
 0.236026E-02
 0.553039E-02
 0.884001E-01
 0.633023E-01
 0.470415E-01
 0.464524E-01
 0.100355E-01
 0.434029E-01
 0.970268E-01
 0.838958E-01
 0.531459E-01
 0.169714E+00
 0.348145E-01
 0.143292E-01
 0.299113E-01
 0.476559E-02
 0.605870E-01
 0.566044E-01
 0.430404E-01
 0.873520E-01
 0.341046E-01
 0.997510E-03
 0.281569E-01
 0.837330E-01
 0.778496E-02
 0.117080E-01
 0.140074E-01
 0.412415E-01
 0.400270E-02
 0.152319E-01
 0.207176E-01
 0.550453E-01
 0.464145E-01
 0.101389E+00
 0.548771E-02
 0.254633E-01
 0.308292E-01
 0.243500E-01
 0.194471E-01
 0.603625E-01
 0.380656E-01
 0.253037E-01
 0.143924E-01
 0.534380E-01
 0.223524E-02
 0.467372E-02
 0.485660E-02
 0.383792E-01
 0.358027E-01
 0.559463E-01
 0.760571E-01
 0.733700E-01
 0.312658E-01
 0.820106E-02
 0.629701E-01
 0.386136E-01
 0.515256E-01
 0.287780E-01
 0.817279E-02
 0.238837E-01
 0.328134E-01
 0.144559E-02
 0.571073E-01
 0.889378E-02
 0.343932E-01
 0.100355E-01
 0.116823E-02
 0.153727E-02
 0.854363E-03
 0.107657E-01
 0.528210E-01
 0.279825E-01
 0.180776E-01
 0.397887E-01
 0.723015E-01
 0.143159E-01
 0.427178E-01
 0.536557E-01
 0.101045E+00
 0.752006E-01
 0.242735E-01
 0.797740E-02
 0.970012E-02
 0.140629E-02
nearest-center-to-center:
 0.102222E+01
 0.103838E+01
 0.100944E+01
 0.100698E+01
 0.107811E+01
 0.103812E+01
 0.110783E+01
 0.103744E+01
 0.105629E+01
 0.103685E+01
 0.110105E+01
 0.106509E+01
 0.104893E+01
 0.111044E+01
 0.115471E+01
 0.109252E+01
 0.101366E+01
 0.103744E+01
 0.100778E+01
 0.102095E+01
 0.105482E+01
 0.102806E+01
 0.100088E+01
 0.103293E+01
 0.106173E+01
 0.101681E+01
 0.103379E+01
 0.100031E+01
 0.117682E+01
 0.109184E+01
 0.101401E+01
 0.104258E+01
 0.119399E+01
 0.100208E+01
 0.102824E+01
 0.105219E+01
 0.100993E+01
 0.107905E+01
 0.101937E+01
 0.113460E+01
 0.105229E+01
 0.103740E+01
 0.100693E+01
 0.101056E+01
 0.100639E+01
 0.101433E+01
 0.104416E+01
 0.100236E+01
 0.105470E+01
 0.110783E+01
 0.103213E+01
 0.101945E+01
 0.100050E+01
 0.105482E+01
 0.109937E+01
 0.109149E+01
 0.109412E+01
 0.104124E+01
 0.107440E+01
 0.106091E+01
 0.101720E+01
 0.113845E+01
 0.105493E+01
 0.100773E+01
 0.104802E+01
 0.105558E+01
 0.100591E+01
 0.101712E+01
 0.113187E+01
 0.107944E+01
 0.101308E+01
 0.102035E+01
 0.113789E+01
 0.107203E+01
 0.103379E+01
 0.107606E+01
 0.100436E+01
 0.123311E+01
 0.104357E+01
 0.119055E+01
 0.106635E+01
 0.100799E+01
 0.100467E+01
 0.110738E+01
 0.102385E+01
 0.103740E+01
 0.100984E+01
 0.110919E+01
 0.100944E+01
 0.110800E+01
 0.106689E+01
 0.100199E+01
 0.101697E+01
 0.107560E+01
 0.106605E+01
 0.103032E+01
 0.107860E+01
 0.103559E+01
 0.102197E+01
 0.117486E+01
 0.108098E+01
 0.112519E+01
 0.104645E+01
 0.103213E+01
 0.103908E+01
 0.101060E+01
 0.100170E+01
 0.113064E+01
 0.100023E+01
 0.103979E+01
 0.107203E+01
 0.102933E+01
 0.121761E+01
 0.100359E+01
 0.100798E+01
 0.101002E+01
 0.103623E+01
 0.113720E+01
 0.122523E+01
 0.109600E+01
 0.102798E+01
 0.103429E+01
 0.102935E+01
 0.100622E+01
 0.113460E+01
 0.101953E+01
 0.113604E+01
 0.100117E+01
 0.103035E+01
 0.108026E+01
 0.103573E+01
 0.115679E+01
 0.101652E+01
 0.116292E+01
 0.101808E+01
 0.101241E+01
 0.104138E+01
 0.104843E+01
 0.103644E+01
 0.102546E+01
 0.110521E+01
 0.101939E+01
 0.101712E+01
 0.100042E+01
 0.101708E+01
 0.103665E+01
 0.105066E+01
 0.103692E+01
 0.106050E+01
 0.103165E+01
 0.114894E+01
 0.107708E+01
 0.103724E+01
 0.102833E+01
 0.100328E+01
 0.104257E+01
 0.106505E+01
 0.101148E+01
 0.106760E+01
 0.107094E+01
 0.104038E+01
 0.100631E+01
 0.100363E+01
 0.102118E+01
 0.120185E+01
 0.101774E+01
 0.100159E+01
 0.101432E+01
 0.101481E+01
 0.101430E+01
 0.112349E+01
 0.104598E+01
 0.105991E+01
 0.107230E+01
 0.100984E+01
 0.112231E+01
 0.101002E+01
 0.107905E+01
 0.100911E+01
 0.100627E+01
 0.100486E+01
 0.100631E+01
 0.100693E+01
 0.105470E+01
 0.106915E+01
 0.102138E+01
 0.104370E+01
 0.104704E+01
 0.104842E+01
 0.110579E+01
 0.109736E+01
 0.113218E+01
 0.102878E+01
 0.102091E+01
 0.102072E+01
 0.102349E+01
 0.103849E+01
 0.105366E+01
 0.110873E+01
 0.114215E+01
 0.109238E+01
 0.112905E+01
 0.100085E+01
 0.106678E+01
 0.107606E+01
 0.100145E+01
 0.114797E+01
 0.102385E+01
 0.108060E+01
 0.103293E+01
 0.100553E+01
 0.107104E+01
 0.117316E+01
 0.103512E+01
 0.101308E+01
 0.103580E+01
 0.101077E+01
 0.121539E+01
 0.100208E+01
 0.103148E+01
 0.100359E+01
 0.103674E+01
 0.100436E+01
 0.105311E+01
 0.104304E+01
 0.106629E+01
 0.103336E+01
 0.103861E+01
 0.106904E+01
 0.113702E+01
 0.113363E+01
 0.107520E+01
 0.100141E+01
 0.102361E+01
 0.108588E+01
 0.106052E+01
 0.103665E+01
 0.104249E+01
 0.100166E+01
 0.113462E+01
 0.101937E+01
 0.108818E+01
 0.108098E+01
 0.100760E+01
 0.100224E+01
 0.106819E+01
 0.111121E+01
 0.100591E+01
 0.102625E+01
 0.108032E+01
 0.105282E+01
 0.120545E+01
 0.106794E+01
 0.105476E+01
 0.110199E+01
 0.110352E+01
 0.106441E+01
 0.103559E+01
 0.108032E+01
 0.108343E+01
 0.100725E+01
 0.102812E+01
 0.121414E+01
 0.106167E+01
 0.100042E+01
 0.103569E+01
 0.101774E+01
 0.109189E+01
 0.101939E+01
 0.108937E+01
 0.105660E+01
 0.101708E+01
 0.100392E+01
 0.102091E+01
 0.100031E+01
 0.100100E+01
 0.102435E+01
 0.112265E+01
 0.104756E+01
 0.100549E+01
 0.110967E+01
 0.109401E+01
 0.111450E+01
 0.110172E+01
 0.105812E+01
 0.100993E+01
 0.103996E+01
 0.105371E+01
 0.100889E+01
 0.102197E+01
 0.105229E+01
 0.105272E+01
 0.109379E+01
 0.114556E+01
 0.100250E+01
 0.104271E+01
 0.105273E+01
 0.100123E+01
 0.101060E+01
 0.106853E+01
 0.106297E+01
 0.100304E+01
 0.119523E+01
 0.110250E+01
 0.100170E+01
 0.104679E+01
 0.117102E+01
 0.101523E+01
 0.100199E+01
 0.108032E+01
 0.103911E+01
 0.100639E+01
 0.103996E+01
 0.100760E+01
 0.104385E+01
 0.113315E+01
 0.102487E+01
 0.108673E+01
 0.118145E+01
 0.105711E+01
 0.100503E+01
 0.100328E+01
 0.103530E+01
 0.102138E+01
 0.108735E+01
 0.103281E+01
 0.104272E+01
 0.110916E+01
 0.103154E+01
 0.102625E+01
 0.110952E+01
 0.111003E+01
 0.109261E+01
 0.100817E+01
 0.103354E+01
 0.107146E+01
 0.122321E+01
 0.107791E+01
 0.100400E+01
 0.102035E+01
 0.107470E+01
 0.109423E+01
 0.111992E+01
 0.101523E+01
 0.101439E+01
 0.103412E+01
 0.107708E+01
 0.110361E+01
 0.104802E+01
 0.102812E+01
 0.103439E+01
 0.109316E+01
 0.108745E+01
 0.111061E+01
 0.106904E+01
 0.102763E+01
 0.101171E+01
 0.109629E+01
 0.100123E+01
 0.101681E+01
 0.103429E+01
 0.101129E+01
 0.101523E+01
 0.100773E+01
 0.106052E+01
 0.115499E+01
 0.109530E+01
 0.104522E+01
 0.103837E+01
 0.110998E+01
 0.109530E+01
 0.104842E+01
 0.100023E+01
 0.100212E+01
 0.106719E+01
 0.110494E+01
 0.110395E+01
 0.113641E+01
 0.109695E+01
 0.110797E+01
 0.103412E+01
 0.100363E+01
 0.106513E+01
 0.103148E+01
 0.100154E+01
 0.118897E+01
 0.102222E+01
 0.105208E+01
 0.102819E+01
 0.110950E+01
 0.100050E+01
 0.106270E+01
 0.116077E+01
 0.108373E+01
 0.105344E+01
 0.100970E+01
 0.100503E+01
 0.106815E+01
 0.104623E+01
 0.105218E+01
 0.114607E+01
 0.114389E+01
 0.100725E+01
 0.104981E+01
 0.102639E+01
 0.100088E+01
 0.109577E+01
 0.100199E+01
 0.102095E+01
 0.100250E+01
 0.104593E+01
 0.122023E+01
 0.105477E+01
 0.101697E+01
 0.106007E+01
 0.102718E+01
 0.103876E+01
 0.103032E+01
 0.103674E+01
 0.103530E+01
 0.101738E+01
 0.102487E+01
 0.107182E+01
 0.100799E+01
 0.118270E+01
 0.105466E+01
 0.104022E+01
 0.101652E+01
 0.101481E+01
 0.104385E+01
 0.102933E+01
 0.114824E+01
 0.104426E+01
 0.103410E+01
 0.104041E+01
 0.100199E+01
 0.105476E+01
 0.105036E+01
 0.104749E+01
 0.104684E+01
 0.106051E+01
 0.101430E+01
 0.110115E+01
 0.116926E+01
 0.110139E+01
 0.103512E+01
 0.109379E+01
 0.113867E+01
 0.108467E+01
 0.104756E+01
 0.100159E+01
 0.102974E+01
 0.100820E+01
 0.103035E+01
 0.100911E+01
 0.100212E+01
 0.107094E+01
 0.104426E+01
 0.106689E+01
 0.105066E+01
 0.107182E+01
 0.104416E+01
 0.106091E+01
 0.107652E+01
 0.113875E+01
 0.104257E+01
 0.100698E+01
 0.104340E+01
 0.102543E+01
 0.100477E+01
 0.114170E+01
 0.104907E+01
 0.108571E+01
 0.112560E+01
 0.101708E+01
 0.101894E+01
 0.101894E+01
 0.100622E+01
 0.101241E+01
 0.104258E+01
 0.103165E+01
 0.103481E+01
 0.102349E+01
 0.100392E+01
 0.103623E+01
 0.103644E+01
 0.103908E+01
 0.103991E+01
 0.111454E+01
 0.100236E+01
 0.100553E+01
 0.108840E+01
 0.106330E+01
 0.104704E+01
 0.104645E+01
 0.101004E+01
 0.104340E+01
 0.109703E+01
 0.108390E+01
 0.105315E+01
 0.116971E+01
 0.103481E+01
 0.101433E+01
 0.102991E+01
 0.100477E+01
 0.106059E+01
 0.105660E+01
 0.104304E+01
 0.108735E+01
 0.103410E+01
 0.100100E+01
 0.102816E+01
 0.108373E+01
 0.100778E+01
 0.101171E+01
 0.101401E+01
 0.104124E+01
 0.100400E+01
 0.101523E+01
 0.102072E+01
 0.105505E+01
 0.104641E+01
 0.110139E+01
 0.100549E+01
 0.102546E+01
 0.103083E+01
 0.102435E+01
 0.101945E+01
 0.106036E+01
 0.103807E+01
 0.102530E+01
 0.101439E+01
 0.105344E+01
 0.100224E+01
 0.100467E+01
 0.100486E+01
 0.103838E+01
 0.103580E+01
 0.105595E+01
 0.107606E+01
 0.107337E+01
 0.103127E+01
 0.100820E+01
 0.106297E+01
 0.103861E+01
 0.105153E+01
 0.102878E+01
 0.100817E+01
 0.102388E+01
 0.103281E+01
 0.100145E+01
 0.105711E+01
 0.100889E+01
 0.103439E+01
 0.101004E+01
 0.100117E+01
 0.100154E+01
 0.100085E+01
 0.101077E+01
 0.105282E+01
 0.102798E+01
 0.101808E+01
 0.103979E+01
 0.107230E+01
 0.101432E+01
 0.104272E+01
 0.105366E+01
 0.110105E+01
 0.107520E+01
 0.102427E+01
 0.100798E+01
 0.100970E+01
 0.100141E+01
